info it worked if it ends with ok
verbose cli [ 'node', '/usr/bin/npm', 'install' ]
info using npm@1.1.0-alpha-2
info using node@v0.6.4-pre
verbose config file /home/andrei/.npmrc
verbose config file /usr/etc/npmrc
verbose config file /usr/lib64/node_modules/npm/npmrc
ERR! Couldn't read dependencies.
ERR! Error: ENOENT, no such file or directory '/home/andrei/.vim/package.json'
ERR! Report this *entire* log at:
ERR!     <http://github.com/isaacs/npm/issues>
ERR! or email it to:
ERR!     <npm-@googlegroups.com>
ERR! 
ERR! System Linux 3.1.0-1.2-default
ERR! command "node" "/usr/bin/npm" "install"
ERR! cwd /home/andrei/.vim
ERR! node -v v0.6.4-pre
ERR! npm -v 1.1.0-alpha-2
ERR! path /home/andrei/.vim/package.json
ERR! code ENOENT
ERR! message ENOENT, no such file or directory '/home/andrei/.vim/package.json'
verbose exit [ 1, true ]
